<?xml version="1.0" encoding="UTF-8"?>
<!-- Generated by org.testng.reporters.JUnitReportReporter -->
<testsuite skipped="0" name="Package2.BluestoneAutomate" tests="1" failures="0" timestamp="24 Dec 2018 09:41:34 GMT" time="31.209" errors="0">
  <testcase name="AutomateBluestone" time="31.209" classname="Package2.BluestoneAutomate"/>
</testsuite> <!-- Package2.BluestoneAutomate -->
